[junction_report]
id = j1
time = 1
queues = 
[junction_report]
id = j2
time = 1
queues = (r1, green, [])
[road_report]
id = r1
time = 1
state = (v1, 10), (v2, 10)
[vehicle_report]
id = v1
time = 1
speed = 10
kilometrage = 10
faulty = 0
location = r1:10
[vehicle_report]
id = v2
time = 1
speed = 10
kilometrage = 10
faulty = 0
location = r1:10
[junction_report]
id = j1
time = 2
queues = 
[junction_report]
id = j2
time = 2
queues = (r1, green, [])
[road_report]
id = r1
time = 2
state = (v1, 20), (v2, 20)
[vehicle_report]
id = v1
time = 2
speed = 10
kilometrage = 20
faulty = 0
location = r1:20
[vehicle_report]
id = v2
time = 2
speed = 10
kilometrage = 20
faulty = 0
location = r1:20
[junction_report]
id = j1
time = 3
queues = 
[junction_report]
id = j2
time = 3
queues = (r1, green, [])
[road_report]
id = r1
time = 3
state = (v2, 25), (v1, 20)
[vehicle_report]
id = v1
time = 3
speed = 5
kilometrage = 20
faulty = 2
location = r1:20
[vehicle_report]
id = v2
time = 3
speed = 5
kilometrage = 25
faulty = 0
location = r1:25
[junction_report]
id = j1
time = 4
queues = 
[junction_report]
id = j2
time = 4
queues = (r1, green, [])
[road_report]
id = r1
time = 4
state = (v2, 30), (v1, 20)
[vehicle_report]
id = v1
time = 4
speed = 5
kilometrage = 20
faulty = 1
location = r1:20
[vehicle_report]
id = v2
time = 4
speed = 5
kilometrage = 30
faulty = 0
location = r1:30
[junction_report]
id = j1
time = 5
queues = 
[junction_report]
id = j2
time = 5
queues = (r1, green, [])
[road_report]
id = r1
time = 5
state = (v2, 35), (v1, 20)
[vehicle_report]
id = v1
time = 5
speed = 5
kilometrage = 20
faulty = 0
location = r1:20
[vehicle_report]
id = v2
time = 5
speed = 5
kilometrage = 35
faulty = 0
location = r1:35
[junction_report]
id = j1
time = 6
queues = 
[junction_report]
id = j2
time = 6
queues = (r1, green, [])
[road_report]
id = r1
time = 6
state = (v2, 45), (v1, 30)
[vehicle_report]
id = v1
time = 6
speed = 10
kilometrage = 30
faulty = 0
location = r1:30
[vehicle_report]
id = v2
time = 6
speed = 10
kilometrage = 45
faulty = 0
location = r1:45
[junction_report]
id = j1
time = 7
queues = 
[junction_report]
id = j2
time = 7
queues = (r1, green, [])
[road_report]
id = r1
time = 7
state = (v2, 55), (v1, 40)
[vehicle_report]
id = v1
time = 7
speed = 10
kilometrage = 40
faulty = 0
location = r1:40
[vehicle_report]
id = v2
time = 7
speed = 10
kilometrage = 55
faulty = 0
location = r1:55
[junction_report]
id = j1
time = 8
queues = 
[junction_report]
id = j2
time = 8
queues = (r1, green, [])
[road_report]
id = r1
time = 8
state = (v2, 65), (v1, 50)
[vehicle_report]
id = v1
time = 8
speed = 10
kilometrage = 50
faulty = 0
location = r1:50
[vehicle_report]
id = v2
time = 8
speed = 10
kilometrage = 65
faulty = 0
location = r1:65
[junction_report]
id = j1
time = 9
queues = 
[junction_report]
id = j2
time = 9
queues = (r1, green, [])
[road_report]
id = r1
time = 9
state = (v2, 75), (v1, 60)
[vehicle_report]
id = v1
time = 9
speed = 10
kilometrage = 60
faulty = 0
location = r1:60
[vehicle_report]
id = v2
time = 9
speed = 10
kilometrage = 75
faulty = 0
location = r1:75
[junction_report]
id = j1
time = 10
queues = 
[junction_report]
id = j2
time = 10
queues = (r1, green, [])
[road_report]
id = r1
time = 10
state = (v2, 85), (v1, 70)
[vehicle_report]
id = v1
time = 10
speed = 10
kilometrage = 70
faulty = 0
location = r1:70
[vehicle_report]
id = v2
time = 10
speed = 10
kilometrage = 85
faulty = 0
location = r1:85
